app/build/intermediates/manifest_merge_blame_file/release/manifest-merger-blame-release-report.txt
1<?xml version="1.0" encoding="utf-8"?>
2<manifest xmlns:android="http://schemas.android.com/apk/res/android"
3    package="ssc.snow.app.gomyways"
4    android:versionCode="11"
5    android:versionName="1.5" >
6
7    <uses-sdk
8        android:minSdkVersion="17"
8-->src/main/AndroidManifest.xml
9        android:targetSdkVersion="31" />
9-->src/main/AndroidManifest.xml
10    <!--
11         The ACCESS_COARSE/FINE_LOCATION permissions are not required to use
12         Google Maps Android API v2, but you must specify either coarse or fine
13         location permissions for the 'MyLocation' functionality.
14    -->
15    <uses-permission android:name="android.permission.ACCESS_FINE_LOCATION" />
15-->src/main/AndroidManifest.xml:10:5-79
15-->src/main/AndroidManifest.xml:10:22-76
16    <uses-permission android:name="com.google.android.providers.gsf.permission.READ_GSERVICES" />
16-->src/main/AndroidManifest.xml:11:5-98
16-->src/main/AndroidManifest.xml:11:22-95
17
18    <supports-screens
18-->src/main/AndroidManifest.xml:13:5-17:39
19        android:anyDensity="true"
19-->src/main/AndroidManifest.xml:14:9-34
20        android:largeScreens="true"
20-->src/main/AndroidManifest.xml:15:9-36
21        android:normalScreens="true"
21-->src/main/AndroidManifest.xml:16:9-37
22        android:smallScreens="true" />
22-->src/main/AndroidManifest.xml:17:9-36
23
24    <uses-permission android:name="android.permission.ACCESS_COARSE_LOCATION" />
24-->src/main/AndroidManifest.xml:19:5-81
24-->src/main/AndroidManifest.xml:19:22-78
25    <uses-permission android:name="android.permission.ACCESS_NETWORK_STATE" />
25-->src/main/AndroidManifest.xml:20:5-79
25-->src/main/AndroidManifest.xml:20:22-76
26    <uses-permission android:name="android.permission.VIBRATE" />
26-->src/main/AndroidManifest.xml:21:5-66
26-->src/main/AndroidManifest.xml:21:22-63
27    <uses-permission android:name="android.permission.INTERNET" />
27-->src/main/AndroidManifest.xml:22:5-67
27-->src/main/AndroidManifest.xml:22:22-64
28    <uses-permission android:name="android.permission.ACCESS_WIFI_STATE" />
28-->src/main/AndroidManifest.xml:23:5-76
28-->src/main/AndroidManifest.xml:23:22-73
29    <uses-permission android:name="android.permission.READ_EXTERNAL_STORAGE" />
29-->src/main/AndroidManifest.xml:24:5-80
29-->src/main/AndroidManifest.xml:24:22-77
30    <uses-permission android:name="android.permission.WAKE_LOCK" />
30-->src/main/AndroidManifest.xml:25:5-68
30-->src/main/AndroidManifest.xml:25:22-65
31    <uses-permission android:name="android.permission.WRITE_EXTERNAL_STORAGE" />
31-->src/main/AndroidManifest.xml:26:5-81
31-->src/main/AndroidManifest.xml:26:22-78
32    <uses-permission android:name="android.permission.CAMERA" />
32-->src/main/AndroidManifest.xml:27:5-65
32-->src/main/AndroidManifest.xml:27:22-62
33    <uses-permission android:name="android.permission.RECORD_AUDIO" />
33-->src/main/AndroidManifest.xml:28:5-71
33-->src/main/AndroidManifest.xml:28:22-68
34    <!--
35    <uses-permission android:name="android.permission.READ_SMS" />
36        <uses-permission android:name="android.permission.RECEIVE_SMS" />
37        <uses-permission android:name="android.permission.READ_CALL_LOG" />
38        <uses-permission android:name="android.permission.CALL_PHONE" />
39        <uses-permission android:name="android.permission.READ_CONTACTS" />
40    -->
41    <uses-permission android:name="android.permission.READ_PHONE_STATE" />
41-->src/main/AndroidManifest.xml:36:5-75
41-->src/main/AndroidManifest.xml:36:22-72
42    <uses-permission android:name="android.permission.WRITE_SETTINGS" />
42-->src/main/AndroidManifest.xml:37:5-39:47
42-->src/main/AndroidManifest.xml:38:9-57
43    <uses-permission android:name="android.permission.READ_LOGS" />
43-->src/main/AndroidManifest.xml:40:5-42:47
43-->src/main/AndroidManifest.xml:41:9-52
44
45    <uses-feature
45-->src/main/AndroidManifest.xml:44:5-46:35
46        android:name="android.hardware.camera.any"
46-->src/main/AndroidManifest.xml:45:9-51
47        android:required="true" />
47-->src/main/AndroidManifest.xml:46:9-32
48    <uses-feature
48-->src/main/AndroidManifest.xml:47:5-49:36
49        android:name="android.hardware.camera"
49-->src/main/AndroidManifest.xml:48:9-47
50        android:required="false" />
50-->src/main/AndroidManifest.xml:49:9-33
51    <uses-feature
51-->src/main/AndroidManifest.xml:50:5-52:36
52        android:name="android.hardware.camera.autofocus"
52-->src/main/AndroidManifest.xml:51:9-57
53        android:required="false" />
53-->src/main/AndroidManifest.xml:52:9-33
54    <uses-feature
54-->src/main/AndroidManifest.xml:53:5-55:36
55        android:name="android.hardware.camera.flash"
55-->src/main/AndroidManifest.xml:54:9-53
56        android:required="false" />
56-->src/main/AndroidManifest.xml:55:9-33
57    <uses-feature
57-->src/main/AndroidManifest.xml:56:5-58:36
58        android:name="android.hardware.camera.front"
58-->src/main/AndroidManifest.xml:57:9-53
59        android:required="false" /> <!-- Require OpenGL ES >= 2.0. -->
59-->src/main/AndroidManifest.xml:58:9-33
60    <uses-feature
60-->src/main/AndroidManifest.xml:59:5-61:35
61        android:glEsVersion="0x00020000"
61-->src/main/AndroidManifest.xml:60:9-41
62        android:required="true" />
62-->src/main/AndroidManifest.xml:61:9-32
63
64    <uses-permission android:name="android.permission.WRITE_APN_SETTINGS" />
64-->src/main/AndroidManifest.xml:63:5-65:47
64-->src/main/AndroidManifest.xml:64:9-61
65
66    <queries>
66-->[io.kommunicate.sdk:kommunicateui:2.5.1] AndroidManifest.xml:12:5-16:15
67        <intent>
67-->[io.kommunicate.sdk:kommunicateui:2.5.1] AndroidManifest.xml:13:9-15:18
68            <action android:name="android.media.action.IMAGE_CAPTURE" />
68-->[io.kommunicate.sdk:kommunicateui:2.5.1] AndroidManifest.xml:14:13-73
68-->[io.kommunicate.sdk:kommunicateui:2.5.1] AndroidManifest.xml:14:21-70
69        </intent>
70    </queries>
71    <queries>
71-->[io.kommunicate.sdk:kommunicateui:2.5.1] AndroidManifest.xml:12:5-16:15
72        <intent>
73            <action android:name="android.speech.RecognitionService" />
74        </intent>
75    </queries>
76
77    <uses-permission android:name="android.permission.RECEIVE_BOOT_COMPLETED" />
77-->[io.kommunicate.sdk:kommunicate:2.5.1] AndroidManifest.xml:22:5-24:30
77-->[io.kommunicate.sdk:kommunicate:2.5.1] AndroidManifest.xml:23:9-65
78    <uses-permission android:name="com.google.android.finsky.permission.BIND_GET_INSTALL_REFERRER_SERVICE" /> <!-- Required by older versions of Google Play services to create IID tokens -->
78-->[com.google.android.gms:play-services-measurement:17.2.1] AndroidManifest.xml:26:5-110
78-->[com.google.android.gms:play-services-measurement:17.2.1] AndroidManifest.xml:26:22-107
79    <uses-permission android:name="com.google.android.c2dm.permission.RECEIVE" />
79-->[com.google.firebase:firebase-iid:20.0.2] AndroidManifest.xml:26:5-82
79-->[com.google.firebase:firebase-iid:20.0.2] AndroidManifest.xml:26:22-79
80
81    <application
81-->src/main/AndroidManifest.xml:67:5-367:19
82        android:name="ssc.snow.app.gomyways.views.MyApplication"
82-->src/main/AndroidManifest.xml:68:9-44
83        android:allowBackup="true"
83-->[com.hbb20:ccp:2.2.3] AndroidManifest.xml:12:9-35
84        android:appComponentFactory="androidx.core.app.CoreComponentFactory"
84-->[androidx.core:core:1.3.1] AndroidManifest.xml:24:18-86
85        android:icon="@mipmap/app_icon_48"
85-->src/main/AndroidManifest.xml:69:9-43
86        android:label="@string/app_name"
86-->src/main/AndroidManifest.xml:70:9-41
87        android:roundIcon="@mipmap/app_icon_48"
87-->src/main/AndroidManifest.xml:71:9-48
88        android:supportsRtl="true"
88-->src/main/AndroidManifest.xml:72:9-35
89        android:theme="@style/AppTheme"
89-->src/main/AndroidManifest.xml:73:9-40
90        android:usesCleartextTraffic="true" >
90-->src/main/AndroidManifest.xml:74:9-44
91        <activity
91-->src/main/AndroidManifest.xml:79:9-85:70
92            android:name="ssc.snow.app.gomyways.views.home.controler.menu.wallet.ScreenWallet"
92-->src/main/AndroidManifest.xml:80:13-74
93            android:exported="true"
93-->src/main/AndroidManifest.xml:82:13-36
94            android:label=""
94-->src/main/AndroidManifest.xml:81:13-29
95            android:launchMode="singleTask"
95-->src/main/AndroidManifest.xml:83:13-44
96            android:screenOrientation="portrait"
96-->src/main/AndroidManifest.xml:84:13-49
97            android:windowSoftInputMode="stateHidden|adjustResize" />
97-->src/main/AndroidManifest.xml:85:13-67
98
99        <meta-data
99-->src/main/AndroidManifest.xml:87:9-89:55
100            android:name="com.facebook.sdk.ApplicationId"
100-->src/main/AndroidManifest.xml:88:13-58
101            android:value="@string/facebook_app_id" />
101-->src/main/AndroidManifest.xml:89:13-52
102
103        <activity
103-->src/main/AndroidManifest.xml:91:9-95:48
104            android:name="com.facebook.FacebookActivity"
104-->src/main/AndroidManifest.xml:93:13-57
105            android:configChanges="keyboard|keyboardHidden|screenLayout|screenSize|orientation"
105-->src/main/AndroidManifest.xml:94:13-96
106            android:exported="true"
106-->src/main/AndroidManifest.xml:92:13-36
107            android:label="@string/app_name"
107-->src/main/AndroidManifest.xml:95:13-45
108            android:theme="@style/com_facebook_activity_theme" />
108-->[com.facebook.android:facebook-common:5.0.2] AndroidManifest.xml:32:13-63
109        <activity
109-->src/main/AndroidManifest.xml:96:9-107:20
110            android:name="com.facebook.CustomTabActivity"
110-->src/main/AndroidManifest.xml:97:13-58
111            android:exported="true" >
111-->src/main/AndroidManifest.xml:98:13-36
112            <intent-filter>
112-->src/main/AndroidManifest.xml:99:13-106:29
113                <action android:name="android.intent.action.VIEW" />
113-->src/main/AndroidManifest.xml:100:17-69
113-->src/main/AndroidManifest.xml:100:25-66
114
115                <category android:name="android.intent.category.DEFAULT" />
115-->src/main/AndroidManifest.xml:102:17-76
115-->src/main/AndroidManifest.xml:102:27-73
116                <category android:name="android.intent.category.BROWSABLE" />
116-->src/main/AndroidManifest.xml:103:17-78
116-->src/main/AndroidManifest.xml:103:27-75
117
118                <data android:scheme="@string/fb_login_protocol_scheme" />
118-->src/main/AndroidManifest.xml:105:17-75
118-->src/main/AndroidManifest.xml:105:23-72
119            </intent-filter>
120        </activity>
121        <activity
121-->src/main/AndroidManifest.xml:108:9-113:70
122            android:name="ssc.snow.app.gomyways.views.login.ActivityLoggedInAfterSignup"
122-->src/main/AndroidManifest.xml:109:13-68
123            android:label=""
123-->src/main/AndroidManifest.xml:110:13-29
124            android:launchMode="singleTask"
124-->src/main/AndroidManifest.xml:111:13-44
125            android:screenOrientation="portrait"
125-->src/main/AndroidManifest.xml:112:13-49
126            android:windowSoftInputMode="stateHidden|adjustResize" />
126-->src/main/AndroidManifest.xml:113:13-67
127        <activity
127-->src/main/AndroidManifest.xml:114:9-119:70
128            android:name="ssc.snow.app.gomyways.views.login.ScreenEnterMobileNumber"
128-->src/main/AndroidManifest.xml:115:13-64
129            android:label=""
129-->src/main/AndroidManifest.xml:116:13-29
130            android:launchMode="singleTask"
130-->src/main/AndroidManifest.xml:117:13-44
131            android:screenOrientation="portrait"
131-->src/main/AndroidManifest.xml:118:13-49
132            android:windowSoftInputMode="stateHidden|adjustResize" />
132-->src/main/AndroidManifest.xml:119:13-67
133
134        <meta-data
134-->src/main/AndroidManifest.xml:121:9-123:54
135            android:name="com.google.firebase.messaging.default_notification_color"
135-->src/main/AndroidManifest.xml:122:13-84
136            android:resource="@color/colorPrimary" /> <!-- Todo: if you want to set channel id to subscribe topic -->
136-->src/main/AndroidManifest.xml:123:13-51
137        <meta-data
137-->src/main/AndroidManifest.xml:124:9-126:71
138            android:name="com.google.firebase.messaging.default_notification_channel_id"
138-->src/main/AndroidManifest.xml:125:13-89
139            android:value="@string/default_notification_channel_id" />
139-->src/main/AndroidManifest.xml:126:13-68
140
141        <service
141-->src/main/AndroidManifest.xml:128:9-135:19
142            android:name="ssc.snow.app.gomyways.data.fcm.MyFirebaseMessagingService"
142-->src/main/AndroidManifest.xml:130:13-64
143            android:exported="true" >
143-->src/main/AndroidManifest.xml:129:13-36
144            <intent-filter>
144-->src/main/AndroidManifest.xml:132:13-134:29
145                <action android:name="com.google.firebase.MESSAGING_EVENT" />
145-->src/main/AndroidManifest.xml:133:17-78
145-->src/main/AndroidManifest.xml:133:25-75
146            </intent-filter>
147        </service> <!-- End FCM -->
148        <uses-library
148-->src/main/AndroidManifest.xml:136:9-138:40
149            android:name="org.apache.http.legacy"
149-->src/main/AndroidManifest.xml:137:13-50
150            android:required="false" />
150-->src/main/AndroidManifest.xml:138:13-37
151
152        <activity
152-->src/main/AndroidManifest.xml:140:9-146:70
153            android:name="ssc.snow.app.gomyways.views.home.my_rides.ScreenMyRideDetail"
153-->src/main/AndroidManifest.xml:141:13-67
154            android:exported="true"
154-->src/main/AndroidManifest.xml:143:13-36
155            android:label=""
155-->src/main/AndroidManifest.xml:142:13-29
156            android:launchMode="singleTask"
156-->src/main/AndroidManifest.xml:144:13-44
157            android:screenOrientation="portrait"
157-->src/main/AndroidManifest.xml:145:13-49
158            android:windowSoftInputMode="stateHidden|adjustResize" />
158-->src/main/AndroidManifest.xml:146:13-67
159        <activity
159-->src/main/AndroidManifest.xml:147:9-153:57
160            android:name="ssc.snow.app.gomyways.views.home.controler.search.ScreenSearchDetailTrip"
160-->src/main/AndroidManifest.xml:148:13-79
161            android:exported="true"
161-->src/main/AndroidManifest.xml:150:13-36
162            android:label=""
162-->src/main/AndroidManifest.xml:149:13-29
163            android:launchMode="singleTask"
163-->src/main/AndroidManifest.xml:151:13-44
164            android:screenOrientation="portrait"
164-->src/main/AndroidManifest.xml:152:13-49
165            android:windowSoftInputMode="stateHidden" />
165-->src/main/AndroidManifest.xml:153:13-54
166        <!--
167             The API key for Google Maps-based APIs is defined as a string resource.
168             (See the file "res/values/google_maps_api.xml").
169             Note that the API key is linked to the encryption key used to sign the APK.
170             You need a different API key for each encryption key, including the release key that is used to
171             sign the APK for publishing.
172             You can define the keys for the debug and release targets in src/debug/ and src/release
173        -->
174        <meta-data
174-->src/main/AndroidManifest.xml:162:9-164:55
175            android:name="com.google.android.geo.API_KEY"
175-->src/main/AndroidManifest.xml:163:13-58
176            android:value="@string/google_maps_key" />
176-->src/main/AndroidManifest.xml:164:13-52
177
178        <activity
178-->src/main/AndroidManifest.xml:166:9-168:83
179            android:name="ssc.snow.app.gomyways.views.home.my_trips.viewtrip.TripMapViewWithDirection"
179-->src/main/AndroidManifest.xml:167:13-82
180            android:label="@string/title_activity_trip_map_view_with_direction" />
180-->src/main/AndroidManifest.xml:168:13-80
181        <activity android:name="ssc.snow.app.gomyways.views.home.controler.post_request.ScreenEditPostedTrip" />
181-->src/main/AndroidManifest.xml:169:9-92
181-->src/main/AndroidManifest.xml:169:19-89
182        <activity android:name="ssc.snow.app.gomyways.views.home.controler.menu.promotions.ScreenOffers" />
182-->src/main/AndroidManifest.xml:170:9-87
182-->src/main/AndroidManifest.xml:170:19-84
183        <activity android:name="ssc.snow.app.gomyways.views.home.controler.menu.promotions.ScreenRewards" />
183-->src/main/AndroidManifest.xml:171:9-88
183-->src/main/AndroidManifest.xml:171:19-85
184        <activity android:name="ssc.snow.app.gomyways.views.home.controler.menu.bank_details.ScreenBankDetails" />
184-->src/main/AndroidManifest.xml:172:9-94
184-->src/main/AndroidManifest.xml:172:19-91
185        <activity
185-->src/main/AndroidManifest.xml:173:9-175:59
186            android:name="com.theartofdev.edmodo.cropper.CropImageActivity"
186-->src/main/AndroidManifest.xml:174:13-76
187            android:theme="@style/Base.Theme.AppCompat" />
187-->src/main/AndroidManifest.xml:175:13-56
188        <activity
188-->src/main/AndroidManifest.xml:176:9-181:57
189            android:name="ssc.snow.app.gomyways.views.home.controler.profile.ScreenEditProfile"
189-->src/main/AndroidManifest.xml:177:13-75
190            android:label=""
190-->src/main/AndroidManifest.xml:178:13-29
191            android:launchMode="singleTask"
191-->src/main/AndroidManifest.xml:179:13-44
192            android:screenOrientation="portrait"
192-->src/main/AndroidManifest.xml:180:13-49
193            android:windowSoftInputMode="stateHidden" />
193-->src/main/AndroidManifest.xml:181:13-54
194        <activity
194-->src/main/AndroidManifest.xml:182:9-187:57
195            android:name="ssc.snow.app.gomyways.views.home.controler.search.SearchRide"
195-->src/main/AndroidManifest.xml:183:13-67
196            android:label=""
196-->src/main/AndroidManifest.xml:184:13-29
197            android:launchMode="singleTask"
197-->src/main/AndroidManifest.xml:185:13-44
198            android:screenOrientation="portrait"
198-->src/main/AndroidManifest.xml:186:13-49
199            android:windowSoftInputMode="stateHidden" />
199-->src/main/AndroidManifest.xml:187:13-54
200        <activity
200-->src/main/AndroidManifest.xml:188:9-193:57
201            android:name="ssc.snow.app.gomyways.views.home.controler.search.ScreenSearchResult"
201-->src/main/AndroidManifest.xml:189:13-75
202            android:label=""
202-->src/main/AndroidManifest.xml:190:13-29
203            android:launchMode="singleTask"
203-->src/main/AndroidManifest.xml:191:13-44
204            android:screenOrientation="portrait"
204-->src/main/AndroidManifest.xml:192:13-49
205            android:windowSoftInputMode="stateHidden" />
205-->src/main/AndroidManifest.xml:193:13-54
206        <activity
206-->src/main/AndroidManifest.xml:194:9-199:57
207            android:name="ssc.snow.app.gomyways.views.home.controler.search.ScreenSearchRideResult"
207-->src/main/AndroidManifest.xml:195:13-79
208            android:label=""
208-->src/main/AndroidManifest.xml:196:13-29
209            android:launchMode="singleTask"
209-->src/main/AndroidManifest.xml:197:13-44
210            android:screenOrientation="portrait"
210-->src/main/AndroidManifest.xml:198:13-49
211            android:windowSoftInputMode="stateHidden" />
211-->src/main/AndroidManifest.xml:199:13-54
212        <activity
212-->src/main/AndroidManifest.xml:200:9-205:57
213            android:name="ssc.snow.app.gomyways.views.home.controler.menu.about.ScreenAbout"
213-->src/main/AndroidManifest.xml:201:13-72
214            android:label=""
214-->src/main/AndroidManifest.xml:202:13-29
215            android:launchMode="singleTask"
215-->src/main/AndroidManifest.xml:203:13-44
216            android:screenOrientation="portrait"
216-->src/main/AndroidManifest.xml:204:13-49
217            android:windowSoftInputMode="stateHidden" />
217-->src/main/AndroidManifest.xml:205:13-54
218        <activity
218-->src/main/AndroidManifest.xml:206:9-211:57
219            android:name="ssc.snow.app.gomyways.views.home.controler.menu.help.ScreenHelp"
219-->src/main/AndroidManifest.xml:207:13-70
220            android:label=""
220-->src/main/AndroidManifest.xml:208:13-29
221            android:launchMode="singleTask"
221-->src/main/AndroidManifest.xml:209:13-44
222            android:screenOrientation="portrait"
222-->src/main/AndroidManifest.xml:210:13-49
223            android:windowSoftInputMode="stateHidden" />
223-->src/main/AndroidManifest.xml:211:13-54
224        <activity
224-->src/main/AndroidManifest.xml:212:9-217:57
225            android:name="ssc.snow.app.gomyways.views.home.controler.menu.payouts.ScreenPayoutsInMenu"
225-->src/main/AndroidManifest.xml:213:13-82
226            android:label=""
226-->src/main/AndroidManifest.xml:214:13-29
227            android:launchMode="singleTask"
227-->src/main/AndroidManifest.xml:215:13-44
228            android:screenOrientation="portrait"
228-->src/main/AndroidManifest.xml:216:13-49
229            android:windowSoftInputMode="stateHidden" />
229-->src/main/AndroidManifest.xml:217:13-54
230        <activity
230-->src/main/AndroidManifest.xml:218:9-223:57
231            android:name="ssc.snow.app.gomyways.views.home.controler.menu.notification.ScreenNotificationInMenu"
231-->src/main/AndroidManifest.xml:219:13-92
232            android:label=""
232-->src/main/AndroidManifest.xml:220:13-29
233            android:launchMode="singleTask"
233-->src/main/AndroidManifest.xml:221:13-44
234            android:screenOrientation="portrait"
234-->src/main/AndroidManifest.xml:222:13-49
235            android:windowSoftInputMode="stateHidden" />
235-->src/main/AndroidManifest.xml:223:13-54
236        <activity
236-->src/main/AndroidManifest.xml:224:9-229:57
237            android:name="ssc.snow.app.gomyways.views.home.controler.menu.idverification.ScreenIdVerification"
237-->src/main/AndroidManifest.xml:225:13-90
238            android:label=""
238-->src/main/AndroidManifest.xml:226:13-29
239            android:launchMode="singleTask"
239-->src/main/AndroidManifest.xml:227:13-44
240            android:screenOrientation="portrait"
240-->src/main/AndroidManifest.xml:228:13-49
241            android:windowSoftInputMode="stateHidden" />
241-->src/main/AndroidManifest.xml:229:13-54
242        <activity
242-->src/main/AndroidManifest.xml:230:9-235:57
243            android:name="ssc.snow.app.gomyways.views.home.controler.menu.ScreenMenu"
243-->src/main/AndroidManifest.xml:231:13-65
244            android:label=""
244-->src/main/AndroidManifest.xml:232:13-29
245            android:launchMode="singleTask"
245-->src/main/AndroidManifest.xml:233:13-44
246            android:screenOrientation="portrait"
246-->src/main/AndroidManifest.xml:234:13-49
247            android:windowSoftInputMode="stateHidden" />
247-->src/main/AndroidManifest.xml:235:13-54
248        <activity
248-->src/main/AndroidManifest.xml:236:9-241:57
249            android:name="ssc.snow.app.gomyways.views.home.controler.menu.email_verifications.ScreenEmailAddress"
249-->src/main/AndroidManifest.xml:237:13-93
250            android:label=""
250-->src/main/AndroidManifest.xml:238:13-29
251            android:launchMode="singleTask"
251-->src/main/AndroidManifest.xml:239:13-44
252            android:screenOrientation="portrait"
252-->src/main/AndroidManifest.xml:240:13-49
253            android:windowSoftInputMode="stateHidden" />
253-->src/main/AndroidManifest.xml:241:13-54
254        <activity
254-->src/main/AndroidManifest.xml:242:9-247:57
255            android:name="ssc.snow.app.gomyways.views.home.controler.profile.ScreenProfile"
255-->src/main/AndroidManifest.xml:243:13-71
256            android:label=""
256-->src/main/AndroidManifest.xml:244:13-29
257            android:launchMode="singleTask"
257-->src/main/AndroidManifest.xml:245:13-44
258            android:screenOrientation="portrait"
258-->src/main/AndroidManifest.xml:246:13-49
259            android:windowSoftInputMode="stateHidden" />
259-->src/main/AndroidManifest.xml:247:13-54
260        <activity
260-->src/main/AndroidManifest.xml:248:9-253:57
261            android:name="ssc.snow.app.gomyways.views.home.controler.post_request.ScreenRequestSetting"
261-->src/main/AndroidManifest.xml:249:13-83
262            android:label=""
262-->src/main/AndroidManifest.xml:250:13-29
263            android:launchMode="singleTask"
263-->src/main/AndroidManifest.xml:251:13-44
264            android:screenOrientation="portrait"
264-->src/main/AndroidManifest.xml:252:13-49
265            android:windowSoftInputMode="stateHidden" />
265-->src/main/AndroidManifest.xml:253:13-54
266        <activity
266-->src/main/AndroidManifest.xml:254:9-259:57
267            android:name="ssc.snow.app.gomyways.views.home.controler.post_request.ScreenRequestPosted"
267-->src/main/AndroidManifest.xml:255:13-82
268            android:label=""
268-->src/main/AndroidManifest.xml:256:13-29
269            android:launchMode="singleTask"
269-->src/main/AndroidManifest.xml:257:13-44
270            android:screenOrientation="portrait"
270-->src/main/AndroidManifest.xml:258:13-49
271            android:windowSoftInputMode="stateHidden" />
271-->src/main/AndroidManifest.xml:259:13-54
272        <activity
272-->src/main/AndroidManifest.xml:260:9-265:57
273            android:name="ssc.snow.app.gomyways.views.home.controler.post_request.ScreenPostARequest"
273-->src/main/AndroidManifest.xml:261:13-81
274            android:label=""
274-->src/main/AndroidManifest.xml:262:13-29
275            android:launchMode="singleTask"
275-->src/main/AndroidManifest.xml:263:13-44
276            android:screenOrientation="portrait"
276-->src/main/AndroidManifest.xml:264:13-49
277            android:windowSoftInputMode="stateHidden" />
277-->src/main/AndroidManifest.xml:265:13-54
278        <activity
278-->src/main/AndroidManifest.xml:266:9-271:57
279            android:name="ssc.snow.app.gomyways.views.home.controler.post_request.ScreenPostATrip"
279-->src/main/AndroidManifest.xml:267:13-78
280            android:label=""
280-->src/main/AndroidManifest.xml:268:13-29
281            android:launchMode="singleTask"
281-->src/main/AndroidManifest.xml:269:13-44
282            android:screenOrientation="portrait"
282-->src/main/AndroidManifest.xml:270:13-49
283            android:windowSoftInputMode="stateHidden" />
283-->src/main/AndroidManifest.xml:271:13-54
284        <activity
284-->src/main/AndroidManifest.xml:272:9-277:57
285            android:name="ssc.snow.app.gomyways.views.home.controler.post_request.ScreenPostOrRequestTrip"
285-->src/main/AndroidManifest.xml:273:13-86
286            android:label=""
286-->src/main/AndroidManifest.xml:274:13-29
287            android:launchMode="singleTask"
287-->src/main/AndroidManifest.xml:275:13-44
288            android:screenOrientation="portrait"
288-->src/main/AndroidManifest.xml:276:13-49
289            android:windowSoftInputMode="stateHidden" />
289-->src/main/AndroidManifest.xml:277:13-54
290        <activity
290-->src/main/AndroidManifest.xml:278:9-283:57
291            android:name="ssc.snow.app.gomyways.views.home.my_trips.viewtrip.ScreenViewTrip"
291-->src/main/AndroidManifest.xml:279:13-72
292            android:label=""
292-->src/main/AndroidManifest.xml:280:13-29
293            android:launchMode="singleTask"
293-->src/main/AndroidManifest.xml:281:13-44
294            android:screenOrientation="portrait"
294-->src/main/AndroidManifest.xml:282:13-49
295            android:windowSoftInputMode="stateHidden" />
295-->src/main/AndroidManifest.xml:283:13-54
296        <activity
296-->src/main/AndroidManifest.xml:284:9-289:57
297            android:name="ssc.snow.app.gomyways.views.home.controler.ScreenBookToRequest6"
297-->src/main/AndroidManifest.xml:285:13-70
298            android:label=""
298-->src/main/AndroidManifest.xml:286:13-29
299            android:launchMode="singleTask"
299-->src/main/AndroidManifest.xml:287:13-44
300            android:screenOrientation="portrait"
300-->src/main/AndroidManifest.xml:288:13-49
301            android:windowSoftInputMode="stateHidden" />
301-->src/main/AndroidManifest.xml:289:13-54
302        <activity
302-->src/main/AndroidManifest.xml:290:9-295:57
303            android:name="ssc.snow.app.gomyways.views.home.controler.ScreenBookToRequest5"
303-->src/main/AndroidManifest.xml:291:13-70
304            android:label=""
304-->src/main/AndroidManifest.xml:292:13-29
305            android:launchMode="singleTask"
305-->src/main/AndroidManifest.xml:293:13-44
306            android:screenOrientation="portrait"
306-->src/main/AndroidManifest.xml:294:13-49
307            android:windowSoftInputMode="stateHidden" />
307-->src/main/AndroidManifest.xml:295:13-54
308        <activity
308-->src/main/AndroidManifest.xml:296:9-301:57
309            android:name="ssc.snow.app.gomyways.views.home.controler.ScreenBookToRequest4"
309-->src/main/AndroidManifest.xml:297:13-70
310            android:label=""
310-->src/main/AndroidManifest.xml:298:13-29
311            android:launchMode="singleTask"
311-->src/main/AndroidManifest.xml:299:13-44
312            android:screenOrientation="portrait"
312-->src/main/AndroidManifest.xml:300:13-49
313            android:windowSoftInputMode="stateHidden" />
313-->src/main/AndroidManifest.xml:301:13-54
314        <activity
314-->src/main/AndroidManifest.xml:302:9-307:57
315            android:name="ssc.snow.app.gomyways.views.home.controler.ScreenBookToRequest3"
315-->src/main/AndroidManifest.xml:303:13-70
316            android:label=""
316-->src/main/AndroidManifest.xml:304:13-29
317            android:launchMode="singleTask"
317-->src/main/AndroidManifest.xml:305:13-44
318            android:screenOrientation="portrait"
318-->src/main/AndroidManifest.xml:306:13-49
319            android:windowSoftInputMode="stateHidden" />
319-->src/main/AndroidManifest.xml:307:13-54
320        <activity
320-->src/main/AndroidManifest.xml:308:9-313:57